2025-12-18 19:52:50,987 ERROR: Kullanýcý istatistik hatasý (user_id=1): Entity namespace for "category" has no property "user_id" [in C:\Users\himmo\Desktop\e\projeVT\library\services\stats_service.py:96]
2025-12-18 19:54:19,391 INFO: Ýade iþlemi baþladý | user_id=4, book_id=3, book=Harry Potter ve Azkaban Tutsaðý [in C:\Users\himmo\Desktop\e\projeVT\library\services\loan_service.py:168]
2025-12-18 19:54:19,397 INFO: Aktif ödünç sorgusu: <Borrow 4> [in C:\Users\himmo\Desktop\e\projeVT\library\services\loan_service.py:174]
2025-12-18 19:54:19,398 INFO: Ýade zamaný: 2025-12-18 16:54:19.398101+00:00, Önceki return_date: None [in C:\Users\himmo\Desktop\e\projeVT\library\services\loan_service.py:185]
2025-12-18 19:54:19,398 INFO: Due Date: 2026-01-02 15:55:50+00:00, Bugün: 2025-12-18 16:54:19.398101+00:00 [in C:\Users\himmo\Desktop\e\projeVT\library\services\loan_service.py:195]
2025-12-18 19:54:19,398 INFO: Veritabaný commit öncesi | active_borrow: <Borrow 4>, fine_amount: 0.0 [in C:\Users\himmo\Desktop\e\projeVT\library\services\loan_service.py:205]
2025-12-18 19:54:19,406 INFO: Veritabaný commit sonrasý | active_borrow: <Borrow 4> [in C:\Users\himmo\Desktop\e\projeVT\library\services\loan_service.py:207]
2025-12-18 19:54:19,406 INFO: Ýade iþlemi baþarýyla tamamlandý | user_id=4, book_id=3, fine_amount=0.0 [in C:\Users\himmo\Desktop\e\projeVT\library\services\loan_service.py:213]
2025-12-18 19:54:25,006 INFO: Kitap ödünç verildi | user_id=4, book_id=3, due_date=2026-01-02 16:54:24.993356+00:00 [in C:\Users\himmo\Desktop\e\projeVT\library\services\loan_service.py:75]
2025-12-18 19:54:27,702 INFO: Ýade iþlemi baþladý | user_id=4, book_id=3, book=Harry Potter ve Azkaban Tutsaðý [in C:\Users\himmo\Desktop\e\projeVT\library\services\loan_service.py:168]
2025-12-18 19:54:27,705 INFO: Aktif ödünç sorgusu: <Borrow 13> [in C:\Users\himmo\Desktop\e\projeVT\library\services\loan_service.py:174]
2025-12-18 19:54:27,705 INFO: Ýade zamaný: 2025-12-18 16:54:27.705007+00:00, Önceki return_date: None [in C:\Users\himmo\Desktop\e\projeVT\library\services\loan_service.py:185]
2025-12-18 19:54:27,705 INFO: Due Date: 2026-01-02 16:54:25+00:00, Bugün: 2025-12-18 16:54:27.705007+00:00 [in C:\Users\himmo\Desktop\e\projeVT\library\services\loan_service.py:195]
2025-12-18 19:54:27,705 INFO: Veritabaný commit öncesi | active_borrow: <Borrow 13>, fine_amount: 0.0 [in C:\Users\himmo\Desktop\e\projeVT\library\services\loan_service.py:205]
2025-12-18 19:54:27,718 INFO: Veritabaný commit sonrasý | active_borrow: <Borrow 13> [in C:\Users\himmo\Desktop\e\projeVT\library\services\loan_service.py:207]
2025-12-18 19:54:27,718 INFO: Ýade iþlemi baþarýyla tamamlandý | user_id=4, book_id=3, fine_amount=0.0 [in C:\Users\himmo\Desktop\e\projeVT\library\services\loan_service.py:213]
2025-12-18 19:54:32,666 INFO: Kitap ödünç verildi | user_id=4, book_id=3, due_date=2026-01-02 16:54:32.663274+00:00 [in C:\Users\himmo\Desktop\e\projeVT\library\services\loan_service.py:75]
2025-12-18 19:54:35,314 INFO: Ýade iþlemi baþladý | user_id=4, book_id=3, book=Harry Potter ve Azkaban Tutsaðý [in C:\Users\himmo\Desktop\e\projeVT\library\services\loan_service.py:168]
2025-12-18 19:54:35,316 INFO: Aktif ödünç sorgusu: <Borrow 14> [in C:\Users\himmo\Desktop\e\projeVT\library\services\loan_service.py:174]
2025-12-18 19:54:35,316 INFO: Ýade zamaný: 2025-12-18 16:54:35.316648+00:00, Önceki return_date: None [in C:\Users\himmo\Desktop\e\projeVT\library\services\loan_service.py:185]
2025-12-18 19:54:35,316 INFO: Due Date: 2026-01-02 16:54:33+00:00, Bugün: 2025-12-18 16:54:35.316648+00:00 [in C:\Users\himmo\Desktop\e\projeVT\library\services\loan_service.py:195]
2025-12-18 19:54:35,316 INFO: Veritabaný commit öncesi | active_borrow: <Borrow 14>, fine_amount: 0.0 [in C:\Users\himmo\Desktop\e\projeVT\library\services\loan_service.py:205]
2025-12-18 19:54:35,321 INFO: Veritabaný commit sonrasý | active_borrow: <Borrow 14> [in C:\Users\himmo\Desktop\e\projeVT\library\services\loan_service.py:207]
2025-12-18 19:54:35,321 INFO: Ýade iþlemi baþarýyla tamamlandý | user_id=4, book_id=3, fine_amount=0.0 [in C:\Users\himmo\Desktop\e\projeVT\library\services\loan_service.py:213]
2025-12-18 19:54:37,516 ERROR: Kullanýcý istatistik hatasý (user_id=4): Entity namespace for "category" has no property "user_id" [in C:\Users\himmo\Desktop\e\projeVT\library\services\stats_service.py:96]
2025-12-18 19:58:37,503 INFO: Library uygulamasý baþlatýldý [in C:\Users\himmo\Desktop\e\projeVT\library\__init__.py:33]
2025-12-18 19:58:45,529 ERROR: Kullanýcý istatistik hatasý (user_id=4): Entity namespace for "category" has no property "user_id" [in C:\Users\himmo\Desktop\e\projeVT\library\services\stats_service.py:96]
2025-12-18 19:58:48,623 ERROR: Kullanýcý istatistik hatasý (user_id=4): Entity namespace for "category" has no property "user_id" [in C:\Users\himmo\Desktop\e\projeVT\library\services\stats_service.py:96]
2025-12-18 19:58:54,157 INFO: Kitap ödünç verildi | user_id=4, book_id=3, due_date=2026-01-02 16:58:54.150280+00:00 [in C:\Users\himmo\Desktop\e\projeVT\library\services\loan_service.py:75]
2025-12-18 19:58:55,868 INFO: Ýade iþlemi baþladý | user_id=4, book_id=3, book=Harry Potter ve Azkaban Tutsaðý [in C:\Users\himmo\Desktop\e\projeVT\library\services\loan_service.py:168]
2025-12-18 19:58:55,876 INFO: Aktif ödünç sorgusu: <Borrow 15> [in C:\Users\himmo\Desktop\e\projeVT\library\services\loan_service.py:174]
2025-12-18 19:58:55,876 INFO: Ýade zamaný: 2025-12-18 16:58:55.876453+00:00, Önceki return_date: None [in C:\Users\himmo\Desktop\e\projeVT\library\services\loan_service.py:185]
2025-12-18 19:58:55,876 INFO: Due Date: 2026-01-02 16:58:54+00:00, Bugün: 2025-12-18 16:58:55.876453+00:00 [in C:\Users\himmo\Desktop\e\projeVT\library\services\loan_service.py:195]
2025-12-18 19:58:55,876 INFO: Veritabaný commit öncesi | active_borrow: <Borrow 15>, fine_amount: 0.0 [in C:\Users\himmo\Desktop\e\projeVT\library\services\loan_service.py:205]
2025-12-18 19:58:55,885 INFO: Veritabaný commit sonrasý | active_borrow: <Borrow 15> [in C:\Users\himmo\Desktop\e\projeVT\library\services\loan_service.py:207]
2025-12-18 19:58:55,886 INFO: Ýade iþlemi baþarýyla tamamlandý | user_id=4, book_id=3, fine_amount=0.0 [in C:\Users\himmo\Desktop\e\projeVT\library\services\loan_service.py:213]
2025-12-18 19:59:11,120 INFO: Ýade iþlemi baþladý | user_id=3, book_id=2, book=Harry Potter ve Sýrlar Odasý [in C:\Users\himmo\Desktop\e\projeVT\library\services\loan_service.py:168]
2025-12-18 19:59:11,122 INFO: Aktif ödünç sorgusu: <Borrow 12> [in C:\Users\himmo\Desktop\e\projeVT\library\services\loan_service.py:174]
2025-12-18 19:59:11,122 INFO: Ýade zamaný: 2025-12-18 16:59:11.122402+00:00, Önceki return_date: None [in C:\Users\himmo\Desktop\e\projeVT\library\services\loan_service.py:185]
2025-12-18 19:59:11,122 INFO: Due Date: 2026-01-02 16:48:24+00:00, Bugün: 2025-12-18 16:59:11.122402+00:00 [in C:\Users\himmo\Desktop\e\projeVT\library\services\loan_service.py:195]
2025-12-18 19:59:11,122 INFO: Veritabaný commit öncesi | active_borrow: <Borrow 12>, fine_amount: 0.0 [in C:\Users\himmo\Desktop\e\projeVT\library\services\loan_service.py:205]
2025-12-18 19:59:11,127 INFO: Veritabaný commit sonrasý | active_borrow: <Borrow 12> [in C:\Users\himmo\Desktop\e\projeVT\library\services\loan_service.py:207]
2025-12-18 19:59:11,127 INFO: Ýade iþlemi baþarýyla tamamlandý | user_id=3, book_id=2, fine_amount=0.0 [in C:\Users\himmo\Desktop\e\projeVT\library\services\loan_service.py:213]
2025-12-18 19:59:17,429 ERROR: Kullanýcý istatistik hatasý (user_id=3): Entity namespace for "category" has no property "user_id" [in C:\Users\himmo\Desktop\e\projeVT\library\services\stats_service.py:96]
2025-12-18 20:24:25,641 INFO: Library uygulamasý baþlatýldý [in C:\Users\himmo\Desktop\e\projeVT\library\__init__.py:33]
2025-12-18 20:32:00,889 INFO: Library uygulamasý baþlatýldý [in C:\Users\himmo\Desktop\e\projeVT\library\__init__.py:33]
2025-12-18 20:35:48,361 INFO: Library uygulamasý baþlatýldý [in C:\Users\himmo\Desktop\e\projeVT\library\__init__.py:33]
2025-12-18 20:43:58,341 INFO: Library uygulamasý baþlatýldý [in C:\Users\himmo\Desktop\e\projeVT\library\__init__.py:33]
